#
# There is insufficient memory for the Java Runtime Environment to continue.
# Native memory allocation (mmap) failed to map 65536 bytes for Failed to commit metaspace.
# Possible reasons:
#   The system is out of physical RAM or swap space
#   The process is running with CompressedOops enabled, and the Java Heap may be blocking the growth of the native heap
# Possible solutions:
#   Reduce memory load on the system
#   Increase physical memory or swap space
#   Check if swap backing store is full
#   Decrease Java heap size (-Xmx/-Xms)
#   Decrease number of Java threads
#   Decrease Java thread stack sizes (-Xss)
#   Set larger code cache with -XX:ReservedCodeCacheSize=
#   JVM is running with Unscaled Compressed Oops mode in which the Java heap is
#     placed in the first 4GB address space. The Java Heap base address is the
#     maximum limit for the native heap growth. Please use -XX:HeapBaseMinAddress
#     to set the Java Heap base and to place the Java Heap above 4GB virtual address.
# This output file may be truncated or incomplete.
#
#  Out of Memory Error (virtualSpaceNode.cpp:110), pid=13872, tid=18340
#
# JRE version: Java(TM) SE Runtime Environment (17.0+35) (build 17+35-LTS-2724)
# Java VM: Java HotSpot(TM) 64-Bit Server VM (17+35-LTS-2724, mixed mode, sharing, tiered, compressed oops, compressed class ptrs, g1 gc, windows-amd64)
# No core dump will be written. Minidumps are not enabled by default on client versions of Windows
#

---------------  S U M M A R Y ------------

Command Line: -Xmx64m -Xms64m -Dorg.gradle.appname=gradlew org.gradle.wrapper.GradleWrapperMain app:installDebug -PreactNativeDevServerPort=8081

Host: 12th Gen Intel(R) Core(TM) i7-12700, 20 cores, 15G,  Windows 10 , 64 bit Build 22621 (10.0.22621.4391)
Time: Mon Dec 30 13:41:33 2024 India Standard Time elapsed time: 2.147084 seconds (0d 0h 0m 2s)

---------------  T H R E A D  ---------------

Current thread (0x00000248c67558b0):  JavaThread "main" [_thread_in_vm, id=18340, stack(0x00000089c2a00000,0x00000089c2b00000)]

Stack: [0x00000089c2a00000,0x00000089c2b00000]
Native frames: (J=compiled Java code, j=interpreted, Vv=VM code, C=native code)
V  [jvm.dll+0x66f8ea]
V  [jvm.dll+0x7ce224]
V  [jvm.dll+0x7cf9ce]
V  [jvm.dll+0x7d0033]
V  [jvm.dll+0x242bb5]
V  [jvm.dll+0x7ca1cb]
V  [jvm.dll+0x615a46]
V  [jvm.dll+0x1be28e]
V  [jvm.dll+0x618381]
V  [jvm.dll+0x6163e6]
V  [jvm.dll+0x24067c]
V  [jvm.dll+0x6c5dad]
V  [jvm.dll+0x6c67df]
V  [jvm.dll+0x36c0f3]
V  [jvm.dll+0x36b2b2]
V  [jvm.dll+0x36b258]
V  [jvm.dll+0x37af3a]
C  0x00000248cdf6b80d

Java frames: (J=compiled Java code, j=interpreted, Vv=VM code)
j  org.gradle.launcher.daemon.registry.PersistentDaemonRegistry.<init>(Ljava/io/File;Lorg/gradle/cache/FileLockManager;Lorg/gradle/internal/file/Chmod;)V+30
j  org.gradle.launcher.daemon.registry.DaemonRegistryServices.lambda$createDaemonRegistry$0(Ljava/io/File;Lorg/gradle/cache/FileLockManager;Lorg/gradle/internal/file/Chmod;)Lorg/gradle/launcher/daemon/registry/DaemonRegistry;+7
j  org.gradle.launcher.daemon.registry.DaemonRegistryServices$$Lambda$63+0x0000000800d03a90.get()Ljava/lang/Object;+12
j  org.gradle.cache.Cache.lambda$get$0(Ljava/util/function/Supplier;Ljava/lang/Object;)Ljava/lang/Object;+1
j  org.gradle.cache.Cache$$Lambda$64+0x0000000800d03cb0.apply(Ljava/lang/Object;)Ljava/lang/Object;+5
j  org.gradle.cache.internal.CacheSupport.get(Ljava/lang/Object;Ljava/util/function/Function;)Ljava/lang/Object;+12
j  org.gradle.cache.internal.CacheAccessSerializer.lambda$get$0(Ljava/lang/Object;Ljava/util/function/Function;)Ljava/lang/Object;+6
j  org.gradle.cache.internal.CacheAccessSerializer$$Lambda$65+0x0000000800d03ef0.get()Ljava/lang/Object;+12
j  org.gradle.cache.internal.Synchronizer.synchronize(Ljava/util/function/Supplier;)Ljava/lang/Object;+10
j  org.gradle.cache.internal.CacheAccessSerializer.get(Ljava/lang/Object;Ljava/util/function/Function;)Ljava/lang/Object;+12
j  org.gradle.cache.Cache.get(Ljava/lang/Object;Ljava/util/function/Supplier;)Ljava/lang/Object;+8
j  org.gradle.launcher.daemon.registry.DaemonRegistryServices.createDaemonRegistry(Lorg/gradle/launcher/daemon/registry/DaemonDir;Lorg/gradle/cache/FileLockManager;Lorg/gradle/internal/file/Chmod;)Lorg/gradle/launcher/daemon/registry/DaemonRegistry;+21
v  ~StubRoutines::call_stub
j  jdk.internal.reflect.NativeMethodAccessorImpl.invoke0(Ljava/lang/reflect/Method;Ljava/lang/Object;[Ljava/lang/Object;)Ljava/lang/Object;+0 java.base@17
j  jdk.internal.reflect.NativeMethodAccessorImpl.invoke(Ljava/lang/Object;[Ljava/lang/Object;)Ljava/lang/Object;+133 java.base@17
j  jdk.internal.reflect.DelegatingMethodAccessorImpl.invoke(Ljava/lang/Object;[Ljava/lang/Object;)Ljava/lang/Object;+6 java.base@17
j  java.lang.reflect.Method.invoke(Ljava/lang/Object;[Ljava/lang/Object;)Ljava/lang/Object;+59 java.base@17
j  org.gradle.internal.reflect.JavaMethod.invoke(Ljava/lang/Object;[Ljava/lang/Object;)Ljava/lang/Object;+6
j  org.gradle.internal.service.ReflectionBasedServiceMethod.invoke(Ljava/lang/Object;[Ljava/lang/Object;)Ljava/lang/Object;+6
j  org.gradle.internal.service.DefaultServiceRegistry$FactoryMethodService.invokeMethod([Ljava/lang/Object;)Ljava/lang/Object;+28
j  org.gradle.internal.service.DefaultServiceRegistry$FactoryService.createServiceInstance()Ljava/lang/Object;+7
j  org.gradle.internal.service.DefaultServiceRegistry$FactoryMethodService.createServiceInstance()Ljava/lang/Object;+1
j  org.gradle.internal.service.DefaultServiceRegistry$ManagedObjectServiceProvider.getInstance()Ljava/lang/Object;+24
j  org.gradle.internal.service.DefaultServiceRegistry$SingletonService.get()Ljava/lang/Object;+1
j  org.gradle.internal.service.DefaultServiceRegistry$FactoryService.assembleParameters()[Ljava/lang/Object;+44
j  org.gradle.internal.service.DefaultServiceRegistry$FactoryService.createServiceInstance()Ljava/lang/Object;+1
j  org.gradle.internal.service.DefaultServiceRegistry$FactoryMethodService.createServiceInstance()Ljava/lang/Object;+1
j  org.gradle.internal.service.DefaultServiceRegistry$ManagedObjectServiceProvider.getInstance()Ljava/lang/Object;+24
j  org.gradle.internal.service.DefaultServiceRegistry$SingletonService.get()Ljava/lang/Object;+1
j  org.gradle.internal.service.DefaultServiceRegistry$FactoryService.assembleParameters()[Ljava/lang/Object;+44
j  org.gradle.internal.service.DefaultServiceRegistry$FactoryService.createServiceInstance()Ljava/lang/Object;+1
j  org.gradle.internal.service.DefaultServiceRegistry$FactoryMethodService.createServiceInstance()Ljava/lang/Object;+1
j  org.gradle.internal.service.DefaultServiceRegistry$ManagedObjectServiceProvider.getInstance()Ljava/lang/Object;+24
j  org.gradle.internal.service.DefaultServiceRegistry$SingletonService.get()Ljava/lang/Object;+1
j  org.gradle.internal.service.DefaultServiceRegistry.find(Ljava/lang/reflect/Type;)Ljava/lang/Object;+22
j  org.gradle.internal.service.DefaultServiceRegistry.get(Ljava/lang/reflect/Type;)Ljava/lang/Object;+2
j  org.gradle.internal.service.DefaultServiceRegistry.get(Ljava/lang/Class;)Ljava/lang/Object;+3
j  org.gradle.launcher.cli.BuildActionsFactory.runBuildWithDaemon(Lorg/gradle/api/internal/StartParameterInternal;Lorg/gradle/launcher/daemon/configuration/DaemonParameters;Lorg/gradle/launcher/daemon/context/DaemonRequestContext;)Ljava/lang/Runnable;+36
j  org.gradle.launcher.cli.BuildActionsFactory.createAction(Lorg/gradle/cli/CommandLineParser;Lorg/gradle/cli/ParsedCommandLine;Lorg/gradle/launcher/cli/Parameters;)Lorg/gradle/api/Action;+148
j  org.gradle.launcher.cli.DefaultCommandLineActionFactory$ParseAndBuildAction.createAction(Lorg/gradle/cli/CommandLineParser;Lorg/gradle/cli/ParsedCommandLine;Lorg/gradle/launcher/cli/Parameters;)Lorg/gradle/api/Action;+48
j  org.gradle.launcher.cli.DefaultCommandLineActionFactory$ParseAndBuildAction.execute(Lorg/gradle/launcher/bootstrap/ExecutionListener;)V+97
j  org.gradle.launcher.cli.DefaultCommandLineActionFactory$ParseAndBuildAction.execute(Ljava/lang/Object;)V+5
j  org.gradle.launcher.cli.DebugLoggerWarningAction.execute(Lorg/gradle/launcher/bootstrap/ExecutionListener;)V+9
j  org.gradle.launcher.cli.DebugLoggerWarningAction.execute(Ljava/lang/Object;)V+5
j  org.gradle.launcher.cli.WelcomeMessageAction.execute(Lorg/gradle/launcher/bootstrap/ExecutionListener;)V+218
j  org.gradle.launcher.cli.WelcomeMessageAction.execute(Ljava/lang/Object;)V+5
j  org.gradle.launcher.cli.NativeServicesInitializingAction.execute(Lorg/gradle/launcher/bootstrap/ExecutionListener;)V+38
j  org.gradle.launcher.cli.NativeServicesInitializingAction.execute(Ljava/lang/Object;)V+5
j  org.gradle.launcher.cli.ExceptionReportingAction.execute(Lorg/gradle/launcher/bootstrap/ExecutionListener;)V+5
j  org.gradle.launcher.cli.ExceptionReportingAction.execute(Ljava/lang/Object;)V+5
j  org.gradle.launcher.cli.DefaultCommandLineActionFactory$WithLogging.execute(Lorg/gradle/launcher/bootstrap/ExecutionListener;)V+309
j  org.gradle.launcher.Main.doAction([Ljava/lang/String;Lorg/gradle/launcher/bootstrap/ExecutionListener;)V+14
j  org.gradle.launcher.bootstrap.EntryPoint.run([Ljava/lang/String;)V+12
v  ~StubRoutines::call_stub
j  jdk.internal.reflect.NativeMethodAccessorImpl.invoke0(Ljava/lang/reflect/Method;Ljava/lang/Object;[Ljava/lang/Object;)Ljava/lang/Object;+0 java.base@17
j  jdk.internal.reflect.NativeMethodAccessorImpl.invoke(Ljava/lang/Object;[Ljava/lang/Object;)Ljava/lang/Object;+133 java.base@17
j  jdk.internal.reflect.DelegatingMethodAccessorImpl.invoke(Ljava/lang/Object;[Ljava/lang/Object;)Ljava/lang/Object;+6 java.base@17
j  java.lang.reflect.Method.invoke(Ljava/lang/Object;[Ljava/lang/Object;)Ljava/lang/Object;+59 java.base@17
j  org.gradle.launcher.bootstrap.ProcessBootstrap.runNoExit(Ljava/lang/String;Ljava/lang/String;Ljava/lang/String;[Ljava/lang/String;)V+205
j  org.gradle.launcher.bootstrap.ProcessBootstrap.run(Ljava/lang/String;Ljava/lang/String;Ljava/lang/String;[Ljava/lang/String;)V+4
j  org.gradle.launcher.GradleMain.main([Ljava/lang/String;)V+68
v  ~StubRoutines::call_stub
j  jdk.internal.reflect.NativeMethodAccessorImpl.invoke0(Ljava/lang/reflect/Method;Ljava/lang/Object;[Ljava/lang/Object;)Ljava/lang/Object;+0 java.base@17
j  jdk.internal.reflect.NativeMethodAccessorImpl.invoke(Ljava/lang/Object;[Ljava/lang/Object;)Ljava/lang/Object;+133 java.base@17
j  jdk.internal.reflect.DelegatingMethodAccessorImpl.invoke(Ljava/lang/Object;[Ljava/lang/Object;)Ljava/lang/Object;+6 java.base@17
j  java.lang.reflect.Method.invoke(Ljava/lang/Object;[Ljava/lang/Object;)Ljava/lang/Object;+59 java.base@17
j  org.gradle.wrapper.GradleWrapperMain.main([Ljava/lang/String;)V+1826
v  ~StubRoutines::call_stub

---------------  P R O C E S S  ---------------

Threads class SMR info:
_java_thread_list=0x00000248e2388000, length=13, elements={
0x00000248c67558b0, 0x00000248c681d200, 0x00000248c681e070, 0x00000248e0d3fb60,
0x00000248e0d44540, 0x00000248e0d44ef0, 0x00000248e0d458a0, 0x00000248e0d48640,
0x00000248e0d490e0, 0x00000248e0da4920, 0x00000248e186a120, 0x00000248e1876be0,
0x00000248e2558cd0
}

Java Threads: ( => current thread )
=>0x00000248c67558b0 JavaThread "main" [_thread_in_vm, id=18340, stack(0x00000089c2a00000,0x00000089c2b00000)]
  0x00000248c681d200 JavaThread "Reference Handler" daemon [_thread_blocked, id=28824, stack(0x00000089c3100000,0x00000089c3200000)]
  0x00000248c681e070 JavaThread "Finalizer" daemon [_thread_blocked, id=29092, stack(0x00000089c3200000,0x00000089c3300000)]
  0x00000248e0d3fb60 JavaThread "Signal Dispatcher" daemon [_thread_blocked, id=22160, stack(0x00000089c3300000,0x00000089c3400000)]
  0x00000248e0d44540 JavaThread "Attach Listener" daemon [_thread_blocked, id=25372, stack(0x00000089c3400000,0x00000089c3500000)]
  0x00000248e0d44ef0 JavaThread "Service Thread" daemon [_thread_blocked, id=21152, stack(0x00000089c3500000,0x00000089c3600000)]
  0x00000248e0d458a0 JavaThread "Monitor Deflation Thread" daemon [_thread_blocked, id=16668, stack(0x00000089c3600000,0x00000089c3700000)]
  0x00000248e0d48640 JavaThread "C2 CompilerThread0" daemon [_thread_blocked, id=24300, stack(0x00000089c3700000,0x00000089c3800000)]
  0x00000248e0d490e0 JavaThread "C1 CompilerThread0" daemon [_thread_blocked, id=7484, stack(0x00000089c3800000,0x00000089c3900000)]
  0x00000248e0da4920 JavaThread "Sweeper thread" daemon [_thread_blocked, id=5784, stack(0x00000089c3900000,0x00000089c3a00000)]
  0x00000248e186a120 JavaThread "Notification Thread" daemon [_thread_blocked, id=19060, stack(0x00000089c3a00000,0x00000089c3b00000)]
  0x00000248e1876be0 JavaThread "Common-Cleaner" daemon [_thread_blocked, id=29068, stack(0x00000089c3c00000,0x00000089c3d00000)]
  0x00000248e2558cd0 JavaThread "pool-1-thread-1" [_thread_blocked, id=27020, stack(0x00000089c4000000,0x00000089c4100000)]

Other Threads:
  0x00000248c6814a50 VMThread "VM Thread" [stack: 0x00000089c3000000,0x00000089c3100000] [id=7860]
  0x00000248e1876420 WatcherThread [stack: 0x00000089c3b00000,0x00000089c3c00000] [id=25408]
  0x00000248c67767e0 GCTaskThread "GC Thread#0" [stack: 0x00000089c2b00000,0x00000089c2c00000] [id=25216]
  0x00000248e1d24d60 GCTaskThread "GC Thread#1" [stack: 0x00000089c3d00000,0x00000089c3e00000] [id=24852]
  0x00000248e1ba6620 GCTaskThread "GC Thread#2" [stack: 0x00000089c3e00000,0x00000089c3f00000] [id=28860]
  0x00000248e1d55db0 GCTaskThread "GC Thread#3" [stack: 0x00000089c3f00000,0x00000089c4000000] [id=10628]
  0x00000248c6777f20 ConcurrentGCThread "G1 Main Marker" [stack: 0x00000089c2c00000,0x00000089c2d00000] [id=22152]
  0x00000248c6778930 ConcurrentGCThread "G1 Conc#0" [stack: 0x00000089c2d00000,0x00000089c2e00000] [id=17744]
  0x00000248c67f4e20 ConcurrentGCThread "G1 Refine#0" [stack: 0x00000089c2e00000,0x00000089c2f00000] [id=11856]
  0x00000248c67f5840 ConcurrentGCThread "G1 Service" [stack: 0x00000089c2f00000,0x00000089c3000000] [id=23612]

Threads with active compile tasks:

VM state: not at safepoint (normal execution)

VM Mutex/Monitor currently owned by a thread:  ([mutex/lock_event])
[0x00000248c674fe60] Metaspace_lock - owner thread: 0x00000248c67558b0

Heap address: 0x00000000fc000000, size: 64 MB, Compressed Oops mode: 32-bit

CDS archive(s) mapped at: [0x0000000800000000-0x0000000800bc0000-0x0000000800bc0000), size 12320768, SharedBaseAddress: 0x0000000800000000, ArchiveRelocationMode: 0.
Compressed class space mapped at: 0x0000000800c00000-0x0000000840c00000, reserved size: 1073741824
Narrow klass base: 0x0000000800000000, Narrow klass shift: 0, Narrow klass range: 0x100000000

GC Precious Log:
 CPUs: 20 total, 20 available
 Memory: 16125M
 Large Page Support: Disabled
 NUMA Support: Disabled
 Compressed Oops: Enabled (32-bit)
 Heap Region Size: 1M
 Heap Min Capacity: 64M
 Heap Initial Capacity: 64M
 Heap Max Capacity: 64M
 Pre-touch: Disabled
 Parallel Workers: 15
 Concurrent Workers: 4
 Concurrent Refinement Workers: 15
 Periodic GC: Disabled

Heap:
 garbage-first heap   total 65536K, used 30656K [0x00000000fc000000, 0x0000000100000000)
  region size 1024K, 28 young (28672K), 3 survivors (3072K)
 Metaspace       used 6688K, committed 6848K, reserved 1056768K
  class space    used 902K, committed 1024K, reserved 1048576K

Heap Regions: E=young(eden), S=young(survivor), O=old, HS=humongous(starts), HC=humongous(continues), CS=collection set, F=free, OA=open archive, CA=closed archive, TAMS=top-at-mark-start (previous, next)
|   0|0x00000000fc000000, 0x00000000fc100000, 0x00000000fc100000|100%|HS|  |TAMS 0x00000000fc000000, 0x00000000fc000000| Complete 
|   1|0x00000000fc100000, 0x00000000fc200000, 0x00000000fc200000|100%|HC|  |TAMS 0x00000000fc100000, 0x00000000fc100000| Complete 
|   2|0x00000000fc200000, 0x00000000fc300000, 0x00000000fc300000|100%|HC|  |TAMS 0x00000000fc200000, 0x00000000fc200000| Complete 
|   3|0x00000000fc300000, 0x00000000fc400000, 0x00000000fc400000|100%|HC|  |TAMS 0x00000000fc300000, 0x00000000fc300000| Complete 
|   4|0x00000000fc400000, 0x00000000fc400000, 0x00000000fc500000|  0%| F|  |TAMS 0x00000000fc400000, 0x00000000fc400000| Untracked 
|   5|0x00000000fc500000, 0x00000000fc500000, 0x00000000fc600000|  0%| F|  |TAMS 0x00000000fc500000, 0x00000000fc500000| Untracked 
|   6|0x00000000fc600000, 0x00000000fc600000, 0x00000000fc700000|  0%| F|  |TAMS 0x00000000fc600000, 0x00000000fc600000| Untracked 
|   7|0x00000000fc700000, 0x00000000fc700000, 0x00000000fc800000|  0%| F|  |TAMS 0x00000000fc700000, 0x00000000fc700000| Untracked 
|   8|0x00000000fc800000, 0x00000000fc800000, 0x00000000fc900000|  0%| F|  |TAMS 0x00000000fc800000, 0x00000000fc800000| Untracked 
|   9|0x00000000fc900000, 0x00000000fc900000, 0x00000000fca00000|  0%| F|  |TAMS 0x00000000fc900000, 0x00000000fc900000| Untracked 
|  10|0x00000000fca00000, 0x00000000fca00000, 0x00000000fcb00000|  0%| F|  |TAMS 0x00000000fca00000, 0x00000000fca00000| Untracked 
|  11|0x00000000fcb00000, 0x00000000fcb00000, 0x00000000fcc00000|  0%| F|  |TAMS 0x00000000fcb00000, 0x00000000fcb00000| Untracked 
|  12|0x00000000fcc00000, 0x00000000fcc00000, 0x00000000fcd00000|  0%| F|  |TAMS 0x00000000fcc00000, 0x00000000fcc00000| Untracked 
|  13|0x00000000fcd00000, 0x00000000fcd00000, 0x00000000fce00000|  0%| F|  |TAMS 0x00000000fcd00000, 0x00000000fcd00000| Untracked 
|  14|0x00000000fce00000, 0x00000000fce00000, 0x00000000fcf00000|  0%| F|  |TAMS 0x00000000fce00000, 0x00000000fce00000| Untracked 
|  15|0x00000000fcf00000, 0x00000000fcf00000, 0x00000000fd000000|  0%| F|  |TAMS 0x00000000fcf00000, 0x00000000fcf00000| Untracked 
|  16|0x00000000fd000000, 0x00000000fd000000, 0x00000000fd100000|  0%| F|  |TAMS 0x00000000fd000000, 0x00000000fd000000| Untracked 
|  17|0x00000000fd100000, 0x00000000fd100000, 0x00000000fd200000|  0%| F|  |TAMS 0x00000000fd100000, 0x00000000fd100000| Untracked 
|  18|0x00000000fd200000, 0x00000000fd200000, 0x00000000fd300000|  0%| F|  |TAMS 0x00000000fd200000, 0x00000000fd200000| Untracked 
|  19|0x00000000fd300000, 0x00000000fd300000, 0x00000000fd400000|  0%| F|  |TAMS 0x00000000fd300000, 0x00000000fd300000| Untracked 
|  20|0x00000000fd400000, 0x00000000fd400000, 0x00000000fd500000|  0%| F|  |TAMS 0x00000000fd400000, 0x00000000fd400000| Untracked 
|  21|0x00000000fd500000, 0x00000000fd500000, 0x00000000fd600000|  0%| F|  |TAMS 0x00000000fd500000, 0x00000000fd500000| Untracked 
|  22|0x00000000fd600000, 0x00000000fd600000, 0x00000000fd700000|  0%| F|  |TAMS 0x00000000fd600000, 0x00000000fd600000| Untracked 
|  23|0x00000000fd700000, 0x00000000fd700000, 0x00000000fd800000|  0%| F|  |TAMS 0x00000000fd700000, 0x00000000fd700000| Untracked 
|  24|0x00000000fd800000, 0x00000000fd800000, 0x00000000fd900000|  0%| F|  |TAMS 0x00000000fd800000, 0x00000000fd800000| Untracked 
|  25|0x00000000fd900000, 0x00000000fd900000, 0x00000000fda00000|  0%| F|  |TAMS 0x00000000fd900000, 0x00000000fd900000| Untracked 
|  26|0x00000000fda00000, 0x00000000fda00000, 0x00000000fdb00000|  0%| F|  |TAMS 0x00000000fda00000, 0x00000000fda00000| Untracked 
|  27|0x00000000fdb00000, 0x00000000fdb00000, 0x00000000fdc00000|  0%| F|  |TAMS 0x00000000fdb00000, 0x00000000fdb00000| Untracked 
|  28|0x00000000fdc00000, 0x00000000fdc00000, 0x00000000fdd00000|  0%| F|  |TAMS 0x00000000fdc00000, 0x00000000fdc00000| Untracked 
|  29|0x00000000fdd00000, 0x00000000fdd00000, 0x00000000fde00000|  0%| F|  |TAMS 0x00000000fdd00000, 0x00000000fdd00000| Untracked 
|  30|0x00000000fde00000, 0x00000000fde00000, 0x00000000fdf00000|  0%| F|  |TAMS 0x00000000fde00000, 0x00000000fde00000| Untracked 
|  31|0x00000000fdf00000, 0x00000000fdf00000, 0x00000000fe000000|  0%| F|  |TAMS 0x00000000fdf00000, 0x00000000fdf00000| Untracked 
|  32|0x00000000fe000000, 0x00000000fe000000, 0x00000000fe100000|  0%| F|  |TAMS 0x00000000fe000000, 0x00000000fe000000| Untracked 
|  33|0x00000000fe100000, 0x00000000fe100000, 0x00000000fe200000|  0%| F|  |TAMS 0x00000000fe100000, 0x00000000fe100000| Untracked 
|  34|0x00000000fe200000, 0x00000000fe200000, 0x00000000fe300000|  0%| F|  |TAMS 0x00000000fe200000, 0x00000000fe200000| Untracked 
|  35|0x00000000fe300000, 0x00000000fe300000, 0x00000000fe400000|  0%| F|  |TAMS 0x00000000fe300000, 0x00000000fe300000| Untracked 
|  36|0x00000000fe400000, 0x00000000fe480800, 0x00000000fe500000| 50%| E|  |TAMS 0x00000000fe400000, 0x00000000fe400000| Complete 
|  37|0x00000000fe500000, 0x00000000fe600000, 0x00000000fe600000|100%| E|CS|TAMS 0x00000000fe500000, 0x00000000fe500000| Complete 
|  38|0x00000000fe600000, 0x00000000fe6f0000, 0x00000000fe700000| 93%| S|CS|TAMS 0x00000000fe600000, 0x00000000fe600000| Complete 
|  39|0x00000000fe700000, 0x00000000fe800000, 0x00000000fe800000|100%| S|CS|TAMS 0x00000000fe700000, 0x00000000fe700000| Complete 
|  40|0x00000000fe800000, 0x00000000fe900000, 0x00000000fe900000|100%| S|CS|TAMS 0x00000000fe800000, 0x00000000fe800000| Complete 
|  41|0x00000000fe900000, 0x00000000fea00000, 0x00000000fea00000|100%| E|CS|TAMS 0x00000000fe900000, 0x00000000fe900000| Complete 
|  42|0x00000000fea00000, 0x00000000feb00000, 0x00000000feb00000|100%| E|CS|TAMS 0x00000000fea00000, 0x00000000fea00000| Complete 
|  43|0x00000000feb00000, 0x00000000fec00000, 0x00000000fec00000|100%| E|CS|TAMS 0x00000000feb00000, 0x00000000feb00000| Complete 
|  44|0x00000000fec00000, 0x00000000fed00000, 0x00000000fed00000|100%| E|CS|TAMS 0x00000000fec00000, 0x00000000fec00000| Complete 
|  45|0x00000000fed00000, 0x00000000fee00000, 0x00000000fee00000|100%| E|CS|TAMS 0x00000000fed00000, 0x00000000fed00000| Complete 
|  46|0x00000000fee00000, 0x00000000fef00000, 0x00000000fef00000|100%| E|CS|TAMS 0x00000000fee00000, 0x00000000fee00000| Complete 
|  47|0x00000000fef00000, 0x00000000ff000000, 0x00000000ff000000|100%| E|CS|TAMS 0x00000000fef00000, 0x00000000fef00000| Complete 
|  48|0x00000000ff000000, 0x00000000ff100000, 0x00000000ff100000|100%| E|CS|TAMS 0x00000000ff000000, 0x00000000ff000000| Complete 
|  49|0x00000000ff100000, 0x00000000ff200000, 0x00000000ff200000|100%| E|CS|TAMS 0x00000000ff100000, 0x00000000ff100000| Complete 
|  50|0x00000000ff200000, 0x00000000ff300000, 0x00000000ff300000|100%| E|CS|TAMS 0x00000000ff200000, 0x00000000ff200000| Complete 
|  51|0x00000000ff300000, 0x00000000ff400000, 0x00000000ff400000|100%| E|CS|TAMS 0x00000000ff300000, 0x00000000ff300000| Complete 
|  52|0x00000000ff400000, 0x00000000ff500000, 0x00000000ff500000|100%| E|CS|TAMS 0x00000000ff400000, 0x00000000ff400000| Complete 
|  53|0x00000000ff500000, 0x00000000ff600000, 0x00000000ff600000|100%| E|CS|TAMS 0x00000000ff500000, 0x00000000ff500000| Complete 
|  54|0x00000000ff600000, 0x00000000ff700000, 0x00000000ff700000|100%| E|CS|TAMS 0x00000000ff600000, 0x00000000ff600000| Complete 
|  55|0x00000000ff700000, 0x00000000ff800000, 0x00000000ff800000|100%| E|CS|TAMS 0x00000000ff700000, 0x00000000ff700000| Complete 
|  56|0x00000000ff800000, 0x00000000ff900000, 0x00000000ff900000|100%| E|CS|TAMS 0x00000000ff800000, 0x00000000ff800000| Complete 
|  57|0x00000000ff900000, 0x00000000ffa00000, 0x00000000ffa00000|100%| E|CS|TAMS 0x00000000ff900000, 0x00000000ff900000| Complete 
|  58|0x00000000ffa00000, 0x00000000ffb00000, 0x00000000ffb00000|100%| E|CS|TAMS 0x00000000ffa00000, 0x00000000ffa00000| Complete 
|  59|0x00000000ffb00000, 0x00000000ffc00000, 0x00000000ffc00000|100%| E|  |TAMS 0x00000000ffb00000, 0x00000000ffb00000| Complete 
|  60|0x00000000ffc00000, 0x00000000ffd00000, 0x00000000ffd00000|100%| E|CS|TAMS 0x00000000ffc00000, 0x00000000ffc00000| Complete 
|  61|0x00000000ffd00000, 0x00000000ffe00000, 0x00000000ffe00000|100%| E|CS|TAMS 0x00000000ffd00000, 0x00000000ffd00000| Complete 
|  62|0x00000000ffe00000, 0x00000000fff00000, 0x00000000fff00000|100%| E|CS|TAMS 0x00000000ffe00000, 0x00000000ffe00000| Complete 
|  63|0x00000000fff00000, 0x0000000100000000, 0x0000000100000000|100%| E|CS|TAMS 0x00000000fff00000, 0x00000000fff00000| Complete 

Card table byte_map: [0x00000248c4740000,0x00000248c4760000] _byte_map_base: 0x00000248c3f60000

Marking Bits (Prev, Next): (CMBitMap*) 0x00000248c6776df0, (CMBitMap*) 0x00000248c6776e30
 Prev Bits: [0x00000248dd9f0000, 0x00000248ddaf0000)
 Next Bits: [0x00000248ddaf0000, 0x00000248ddbf0000)

Polling page: 0x00000248c46f0000

Metaspace:

Usage:
  Non-class:      5.65 MB used.
      Class:    902.51 KB used.
       Both:      6.53 MB used.

Virtual space:
  Non-class space:        8.00 MB reserved,       5.69 MB ( 71%) committed,  1 nodes.
      Class space:        1.00 GB reserved,       1.00 MB ( <1%) committed,  1 nodes.
             Both:        1.01 GB reserved,       6.69 MB ( <1%) committed. 

Chunk freelists:
   Non-Class:  880.00 KB
       Class:  2.97 MB
        Both:  3.83 MB

MaxMetaspaceSize: unlimited
CompressedClassSpaceSize: 1.00 GB
Initial GC threshold: 21.00 MB
Current GC threshold: 21.00 MB
CDS: on
MetaspaceReclaimPolicy: balanced
 - commit_granule_bytes: 65536.
 - commit_granule_words: 8192.
 - virtual_space_node_default_size: 1048576.
 - enlarge_chunks_in_place: 1.
 - new_chunks_are_fully_committed: 0.
 - uncommit_free_chunks: 1.
 - use_allocation_guard: 0.
 - handle_deallocations: 1.


Internal statistics:

num_allocs_failed_limit: 0.
num_arena_births: 56.
num_arena_deaths: 0.
num_vsnodes_births: 2.
num_vsnodes_deaths: 0.
num_space_committed: 107.
num_space_uncommitted: 0.
num_chunks_returned_to_freelist: 0.
num_chunks_taken_from_freelist: 246.
num_chunk_merges: 0.
num_chunk_splits: 159.
num_chunks_enlarged: 133.
num_purges: 0.
num_inconsistent_stats: 0.

CodeHeap 'non-profiled nmethods': size=119168Kb used=541Kb max_used=541Kb free=118626Kb
 bounds [0x00000248d5af0000, 0x00000248d5d60000, 0x00000248dcf50000]
CodeHeap 'profiled nmethods': size=119104Kb used=2298Kb max_used=2298Kb free=116805Kb
 bounds [0x00000248ce6a0000, 0x00000248ce910000, 0x00000248d5af0000]
CodeHeap 'non-nmethods': size=7488Kb used=1146Kb max_used=1165Kb free=6341Kb
 bounds [0x00000248cdf50000, 0x00000248ce1c0000, 0x00000248ce6a0000]
 total_blobs=1654 nmethods=1220 adapters=347
 compilation: enabled
              stopped_count=0, restarted_count=0
 full_count=0

Compilation events (20 events):
Event: 2.080 Thread 0x00000248e0d490e0 nmethod 1216 0x00000248ce8dc110 code [0x00000248ce8dc300, 0x00000248ce8dc7e8]
Event: 2.080 Thread 0x00000248e0d490e0 1217       3       java.util.Objects::hashCode (13 bytes)
Event: 2.080 Thread 0x00000248e0d490e0 nmethod 1217 0x00000248ce8dca10 code [0x00000248ce8dcbc0, 0x00000248ce8dcde8]
Event: 2.080 Thread 0x00000248e0d490e0 1221       1       java.lang.invoke.VarHandle::isDirect (2 bytes)
Event: 2.080 Thread 0x00000248e0d490e0 nmethod 1221 0x00000248d5b72e10 code [0x00000248d5b72fa0, 0x00000248d5b73078]
Event: 2.080 Thread 0x00000248e0d490e0 1219       1       org.gradle.internal.service.AbstractServiceMethod::getMethod (5 bytes)
Event: 2.080 Thread 0x00000248e0d490e0 nmethod 1219 0x00000248d5b73110 code [0x00000248d5b732a0, 0x00000248d5b73378]
Event: 2.080 Thread 0x00000248e0d490e0 1220       1       org.gradle.internal.service.AbstractServiceMethod::getServiceType (5 bytes)
Event: 2.080 Thread 0x00000248e0d490e0 nmethod 1220 0x00000248d5b73410 code [0x00000248d5b735a0, 0x00000248d5b73678]
Event: 2.113 Thread 0x00000248e0d490e0 1222       1       java.lang.Boolean::booleanValue (5 bytes)
Event: 2.114 Thread 0x00000248e0d490e0 nmethod 1222 0x00000248d5b73710 code [0x00000248d5b738a0, 0x00000248d5b73978]
Event: 2.114 Thread 0x00000248e0d490e0 1223       3       java.lang.Class::annotationData (44 bytes)
Event: 2.114 Thread 0x00000248e0d490e0 nmethod 1223 0x00000248ce8dce90 code [0x00000248ce8dd060, 0x00000248ce8dd358]
Event: 2.117 Thread 0x00000248e0d48640 nmethod 1212 0x00000248d5b73a10 code [0x00000248d5b73ce0, 0x00000248d5b761d0]
Event: 2.117 Thread 0x00000248e0d48640 1218       4       java.util.ArrayList::add (25 bytes)
Event: 2.120 Thread 0x00000248e0d48640 nmethod 1218 0x00000248d5b77210 code [0x00000248d5b773a0, 0x00000248d5b775a8]
Event: 2.138 Thread 0x00000248e0d490e0 1224       3       jdk.internal.org.objectweb.asm.MethodWriter::visitFieldInsn (258 bytes)
Event: 2.139 Thread 0x00000248e0d490e0 nmethod 1224 0x00000248ce8dd490 code [0x00000248ce8dd700, 0x00000248ce8de268]
Event: 2.139 Thread 0x00000248e0d490e0 1225       3       jdk.internal.org.objectweb.asm.SymbolTable::addConstantFieldref (10 bytes)
Event: 2.139 Thread 0x00000248e0d490e0 nmethod 1225 0x00000248ce8de690 code [0x00000248ce8de820, 0x00000248ce8de968]

GC Heap History (2 events):
Event: 0.920 GC heap before
{Heap before GC invocations=0 (full 0):
 garbage-first heap   total 65536K, used 22528K [0x00000000fc000000, 0x0000000100000000)
  region size 1024K, 23 young (23552K), 0 survivors (0K)
 Metaspace       used 1806K, committed 1920K, reserved 1056768K
  class space    used 155K, committed 192K, reserved 1048576K
}
Event: 0.926 GC heap after
{Heap after GC invocations=1 (full 0):
 garbage-first heap   total 65536K, used 3008K [0x00000000fc000000, 0x0000000100000000)
  region size 1024K, 3 young (3072K), 3 survivors (3072K)
 Metaspace       used 1806K, committed 1920K, reserved 1056768K
  class space    used 155K, committed 192K, reserved 1048576K
}

Deoptimization events (20 events):
Event: 1.765 Thread 0x00000248c67558b0 Uncommon trap: trap_request=0xffffffde fr.pc=0x00000248d5b679b4 relative=0x0000000000000114
Event: 1.765 Thread 0x00000248c67558b0 Uncommon trap: reason=class_check action=maybe_recompile pc=0x00000248d5b679b4 method=jdk.internal.misc.Unsafe.allocateUninitializedArray(Ljava/lang/Class;I)Ljava/lang/Object; @ 51 c2
Event: 1.765 Thread 0x00000248c67558b0 DEOPT PACKING pc=0x00000248d5b679b4 sp=0x00000089c2afb690
Event: 1.765 Thread 0x00000248c67558b0 DEOPT UNPACKING pc=0x00000248cdfa23a3 sp=0x00000089c2afb618 mode 2
Event: 1.811 Thread 0x00000248c67558b0 DEOPT PACKING pc=0x00000248ce766fe5 sp=0x00000089c2af6de0
Event: 1.811 Thread 0x00000248c67558b0 DEOPT UNPACKING pc=0x00000248cdfa2b43 sp=0x00000089c2af6230 mode 0
Event: 1.866 Thread 0x00000248c67558b0 Uncommon trap: trap_request=0xffffff45 fr.pc=0x00000248d5b4c86c relative=0x00000000000005ac
Event: 1.866 Thread 0x00000248c67558b0 Uncommon trap: reason=unstable_if action=reinterpret pc=0x00000248d5b4c86c method=java.util.HashMap.hash(Ljava/lang/Object;)I @ 1 c2
Event: 1.866 Thread 0x00000248c67558b0 DEOPT PACKING pc=0x00000248d5b4c86c sp=0x00000089c2afd250
Event: 1.866 Thread 0x00000248c67558b0 DEOPT UNPACKING pc=0x00000248cdfa23a3 sp=0x00000089c2afd0f8 mode 2
Event: 1.866 Thread 0x00000248c67558b0 Uncommon trap: trap_request=0xffffff45 fr.pc=0x00000248d5b3f670 relative=0x00000000000005b0
Event: 1.866 Thread 0x00000248c67558b0 Uncommon trap: reason=unstable_if action=reinterpret pc=0x00000248d5b3f670 method=java.util.HashMap.hash(Ljava/lang/Object;)I @ 1 c2
Event: 1.866 Thread 0x00000248c67558b0 DEOPT PACKING pc=0x00000248d5b3f670 sp=0x00000089c2afd1e0
Event: 1.866 Thread 0x00000248c67558b0 DEOPT UNPACKING pc=0x00000248cdfa23a3 sp=0x00000089c2afd0f8 mode 2
Event: 1.927 Thread 0x00000248c67558b0 Uncommon trap: trap_request=0xffffff45 fr.pc=0x00000248d5b5db34 relative=0x0000000000000214
Event: 1.927 Thread 0x00000248c67558b0 Uncommon trap: reason=unstable_if action=reinterpret pc=0x00000248d5b5db34 method=java.lang.String.startsWith(Ljava/lang/String;I)Z @ 14 c2
Event: 1.927 Thread 0x00000248c67558b0 DEOPT PACKING pc=0x00000248d5b5db34 sp=0x00000089c2afcdc0
Event: 1.927 Thread 0x00000248c67558b0 DEOPT UNPACKING pc=0x00000248cdfa23a3 sp=0x00000089c2afcd20 mode 2
Event: 2.013 Thread 0x00000248c67558b0 DEOPT PACKING pc=0x00000248ce8135b8 sp=0x00000089c2afbdd0
Event: 2.013 Thread 0x00000248c67558b0 DEOPT UNPACKING pc=0x00000248cdfa2b43 sp=0x00000089c2afb2e8 mode 0

Classes unloaded (0 events):
No events

Classes redefined (0 events):
No events

Internal exceptions (15 events):
Event: 0.376 Thread 0x00000248c67558b0 Exception <a 'java/lang/NoSuchMethodError'{0x00000000ffde73a8}: 'int java.lang.invoke.DirectMethodHandle$Holder.invokeStaticInit(java.lang.Object, java.lang.Object)'> (0x00000000ffde73a8) 
thrown [t:\workspace\open\src\hotspot\share\interpreter\linkResolver.cpp, line 766]
Event: 1.500 Thread 0x00000248c67558b0 Exception <a 'java/lang/NoSuchMethodError'{0x00000000ff4cc960}: 'void java.lang.invoke.DirectMethodHandle$Holder.invokeStatic(java.lang.Object, java.lang.Object)'> (0x00000000ff4cc960) 
thrown [t:\workspace\open\src\hotspot\share\interpreter\linkResolver.cpp, line 766]
Event: 1.577 Thread 0x00000248c67558b0 Exception <a 'java/lang/NoClassDefFoundError'{0x00000000ff384598}: org/slf4j/impl/StaticMarkerBinder> (0x00000000ff384598) 
thrown [t:\workspace\open\src\hotspot\share\classfile\systemDictionary.cpp, line 245]
Event: 1.616 Thread 0x00000248c67558b0 Exception <a 'java/lang/NoSuchMethodError'{0x00000000ff263148}: 'java.lang.Object java.lang.invoke.Invokers$Holder.invoker(java.lang.Object, java.lang.Object, java.lang.Object)'> (0x00000000ff263148) 
thrown [t:\workspace\open\src\hotspot\share\interpreter\linkResolver.cpp, line 766]
Event: 1.620 Thread 0x00000248c67558b0 Exception <a 'java/lang/NoSuchMethodError'{0x00000000ff26c2a0}: 'java.lang.Object java.lang.invoke.DirectMethodHandle$Holder.invokeStatic(java.lang.Object, java.lang.Object, int)'> (0x00000000ff26c2a0) 
thrown [t:\workspace\open\src\hotspot\share\interpreter\linkResolver.cpp, line 766]
Event: 1.622 Thread 0x00000248c67558b0 Exception <a 'java/lang/NoSuchMethodError'{0x00000000ff277f90}: 'void java.lang.invoke.DelegatingMethodHandle$Holder.delegate(java.lang.Object, java.lang.Object, int, java.lang.Object)'> (0x00000000ff277f90) 
thrown [t:\workspace\open\src\hotspot\share\interpreter\linkResolver.cpp, line 766]
Event: 1.623 Thread 0x00000248c67558b0 Exception <a 'java/lang/NoSuchMethodError'{0x00000000ff27bfc8}: 'int java.lang.invoke.DirectMethodHandle$Holder.invokeSpecial(java.lang.Object, java.lang.Object, java.lang.Object)'> (0x00000000ff27bfc8) 
thrown [t:\workspace\open\src\hotspot\share\interpreter\linkResolver.cpp, line 766]
Event: 1.627 Thread 0x00000248c67558b0 Exception <a 'java/lang/NoSuchMethodError'{0x00000000ff28f348}: 'java.lang.Object java.lang.invoke.Invokers$Holder.invokeExact_MT(java.lang.Object, java.lang.Object, java.lang.Object, java.lang.Object)'> (0x00000000ff28f348) 
thrown [t:\workspace\open\src\hotspot\share\interpreter\linkResolver.cpp, line 766]
Event: 1.641 Thread 0x00000248c67558b0 Exception <a 'java/lang/NoSuchMethodError'{0x00000000ff2c8b18}: 'java.lang.Object java.lang.invoke.DirectMethodHandle$Holder.invokeVirtual(java.lang.Object, java.lang.Object, java.lang.Object)'> (0x00000000ff2c8b18) 
thrown [t:\workspace\open\src\hotspot\share\interpreter\linkResolver.cpp, line 766]
Event: 1.756 Thread 0x00000248c67558b0 Exception <a 'java/lang/NoSuchMethodError'{0x00000000fee2d288}: 'java.lang.Object java.lang.invoke.DirectMethodHandle$Holder.newInvokeSpecial(java.lang.Object, java.lang.Object, java.lang.Object, java.lang.Object, java.lang.Object)'> (0x00000000fee2d288) 
thrown [t:\workspace\open\src\hotspot\share\interpreter\linkResolver.cpp, line 766]
Event: 1.854 Thread 0x00000248c67558b0 Exception <a 'java/lang/NoSuchMethodError'{0x00000000feb01558}: 'void java.lang.invoke.DirectMethodHandle$Holder.invokeSpecial(java.lang.Object, java.lang.Object, java.lang.Object)'> (0x00000000feb01558) 
thrown [t:\workspace\open\src\hotspot\share\interpreter\linkResolver.cpp, line 766]
Event: 1.866 Thread 0x00000248c67558b0 Implicit null exception at 0x00000248d5b4c30f to 0x00000248d5b4c84c
Event: 1.866 Thread 0x00000248c67558b0 Implicit null exception at 0x00000248d5b3f10a to 0x00000248d5b3f650
Event: 1.905 Thread 0x00000248c67558b0 Exception <a 'java/lang/NoSuchMethodError'{0x00000000fea75898}: 'java.lang.Object java.lang.invoke.DirectMethodHandle$Holder.invokeStaticInit(java.lang.Object)'> (0x00000000fea75898) 
thrown [t:\workspace\open\src\hotspot\share\interpreter\linkResolver.cpp, line 766]
Event: 1.958 Thread 0x00000248c67558b0 Exception <a 'java/lang/NoSuchMethodError'{0x00000000fe9288f0}: 'int java.lang.invoke.DirectMethodHandle$Holder.invokeVirtual(java.lang.Object, java.lang.Object, java.lang.Object)'> (0x00000000fe9288f0) 
thrown [t:\workspace\open\src\hotspot\share\interpreter\linkResolver.cpp, line 766]

VM Operations (18 events):
Event: 0.126 Executing VM operation: HandshakeAllThreads
Event: 0.126 Executing VM operation: HandshakeAllThreads done
Event: 0.185 Executing VM operation: HandshakeAllThreads
Event: 0.185 Executing VM operation: HandshakeAllThreads done
Event: 0.919 Executing VM operation: G1CollectForAllocation
Event: 0.927 Executing VM operation: G1CollectForAllocation done
Event: 1.360 Executing VM operation: HandshakeAllThreads
Event: 1.360 Executing VM operation: HandshakeAllThreads done
Event: 1.567 Executing VM operation: HandshakeAllThreads
Event: 1.567 Executing VM operation: HandshakeAllThreads done
Event: 1.567 Executing VM operation: HandshakeAllThreads
Event: 1.567 Executing VM operation: HandshakeAllThreads done
Event: 1.620 Executing VM operation: HandshakeAllThreads
Event: 1.620 Executing VM operation: HandshakeAllThreads done
Event: 1.928 Executing VM operation: HandshakeAllThreads
Event: 1.928 Executing VM operation: HandshakeAllThreads done
Event: 1.928 Executing VM operation: Cleanup
Event: 1.928 Executing VM operation: Cleanup done

Events (20 events):
Event: 1.926 loading class java/lang/management/ManagementPermission
Event: 1.926 loading class java/lang/management/ManagementPermission done
Event: 1.928 loading class java/util/Collections$UnmodifiableMap$UnmodifiableEntrySet
Event: 1.929 loading class java/util/Collections$UnmodifiableMap$UnmodifiableEntrySet done
Event: 1.929 loading class java/util/Collections$UnmodifiableMap$UnmodifiableEntrySet$1
Event: 1.929 loading class java/util/Collections$UnmodifiableMap$UnmodifiableEntrySet$1 done
Event: 1.929 loading class java/util/Collections$UnmodifiableMap$UnmodifiableEntrySet$UnmodifiableEntry
Event: 1.929 loading class java/util/Collections$UnmodifiableMap$UnmodifiableEntrySet$UnmodifiableEntry done
Event: 1.951 loading class java/lang/ThreadLocal$SuppliedThreadLocal
Event: 1.951 loading class java/lang/ThreadLocal$SuppliedThreadLocal done
Event: 1.956 loading class java/lang/CloneNotSupportedException
Event: 1.956 loading class java/lang/CloneNotSupportedException done
Event: 2.049 loading class sun/reflect/generics/tree/TypeVariableSignature
Event: 2.049 loading class sun/reflect/generics/tree/TypeVariableSignature done
Event: 2.076 loading class java/util/UUID
Event: 2.076 loading class java/util/UUID done
Event: 2.115 loading class java/util/function/LongSupplier
Event: 2.116 loading class java/util/function/LongSupplier done
Event: 2.116 loading class java/io/UncheckedIOException
Event: 2.117 loading class java/io/UncheckedIOException done


Dynamic libraries:
0x00007ff76cf90000 - 0x00007ff76cfa0000 	C:\Program Files\Java\jdk-17\bin\java.exe
0x00007ffb9dd30000 - 0x00007ffb9df47000 	C:\Windows\SYSTEM32\ntdll.dll
0x00007ffb9ca80000 - 0x00007ffb9cb44000 	C:\Windows\System32\KERNEL32.DLL
0x00007ffb9b670000 - 0x00007ffb9ba2a000 	C:\Windows\System32\KERNELBASE.dll
0x00007ffb9b260000 - 0x00007ffb9b371000 	C:\Windows\System32\ucrtbase.dll
0x00007ffb87da0000 - 0x00007ffb87db8000 	C:\Program Files\Java\jdk-17\bin\jli.dll
0x00007ffb9bc90000 - 0x00007ffb9bd42000 	C:\Windows\System32\ADVAPI32.dll
0x00007ffb9cb70000 - 0x00007ffb9cc17000 	C:\Windows\System32\msvcrt.dll
0x00007ffb9bbe0000 - 0x00007ffb9bc87000 	C:\Windows\System32\sechost.dll
0x00007ffb9b520000 - 0x00007ffb9b548000 	C:\Windows\System32\bcrypt.dll
0x00007ffb9c4c0000 - 0x00007ffb9c5d4000 	C:\Windows\System32\RPCRT4.dll
0x00007ffb9c760000 - 0x00007ffb9c90e000 	C:\Windows\System32\USER32.dll
0x00007ffb9b4f0000 - 0x00007ffb9b516000 	C:\Windows\System32\win32u.dll
0x00007ffb9be00000 - 0x00007ffb9be29000 	C:\Windows\System32\GDI32.dll
0x00007ffb9b550000 - 0x00007ffb9b66b000 	C:\Windows\System32\gdi32full.dll
0x00007ffb9b000000 - 0x00007ffb9b09a000 	C:\Windows\System32\msvcp_win.dll
0x00007ffb86ff0000 - 0x00007ffb8700a000 	C:\Program Files\Java\jdk-17\bin\VCRUNTIME140.dll
0x00007ffb813a0000 - 0x00007ffb81632000 	C:\Windows\WinSxS\amd64_microsoft.windows.common-controls_6595b64144ccf1df_6.0.22621.4541_none_2710d1c57384c085\COMCTL32.dll
0x00007ffb8a280000 - 0x00007ffb8a28a000 	C:\Windows\SYSTEM32\VERSION.dll
0x00007ffb9bff0000 - 0x00007ffb9c021000 	C:\Windows\System32\IMM32.DLL
0x00007ffb97a20000 - 0x00007ffb97a2c000 	C:\Program Files\Java\jdk-17\bin\vcruntime140_1.dll
0x00007ffb04680000 - 0x00007ffb0470d000 	C:\Program Files\Java\jdk-17\bin\msvcp140.dll
0x00007ffaf6a70000 - 0x00007ffaf762e000 	C:\Program Files\Java\jdk-17\bin\server\jvm.dll
0x00007ffb9ce20000 - 0x00007ffb9ce28000 	C:\Windows\System32\PSAPI.DLL
0x00007ffb84400000 - 0x00007ffb84409000 	C:\Windows\SYSTEM32\WSOCK32.dll
0x00007ffb9c6e0000 - 0x00007ffb9c751000 	C:\Windows\System32\WS2_32.dll
0x00007ffb90df0000 - 0x00007ffb90e24000 	C:\Windows\SYSTEM32\WINMM.dll
0x00007ffb9a050000 - 0x00007ffb9a068000 	C:\Windows\SYSTEM32\kernel.appcore.dll
0x00007ffb86fe0000 - 0x00007ffb86fea000 	C:\Program Files\Java\jdk-17\bin\jimage.dll
0x00007ffb81160000 - 0x00007ffb81392000 	C:\Windows\SYSTEM32\DBGHELP.DLL
0x00007ffb9c130000 - 0x00007ffb9c4bf000 	C:\Windows\System32\combase.dll
0x00007ffb9dbc0000 - 0x00007ffb9dc97000 	C:\Windows\System32\OLEAUT32.dll
0x00007ffb82130000 - 0x00007ffb82162000 	C:\Windows\SYSTEM32\dbgcore.DLL
0x00007ffb9b0a0000 - 0x00007ffb9b11b000 	C:\Windows\System32\bcryptPrimitives.dll
0x00007ffb86fb0000 - 0x00007ffb86fd5000 	C:\Program Files\Java\jdk-17\bin\java.dll
0x00007ffaf6990000 - 0x00007ffaf6a66000 	C:\Program Files\Java\jdk-17\bin\svml.dll
0x00007ffb9ce30000 - 0x00007ffb9d6a8000 	C:\Windows\System32\SHELL32.dll
0x00007ffb98ef0000 - 0x00007ffb997f8000 	C:\Windows\SYSTEM32\windows.storage.dll
0x00007ffb98db0000 - 0x00007ffb98eef000 	C:\Windows\SYSTEM32\wintypes.dll
0x00007ffb9cc20000 - 0x00007ffb9cd1a000 	C:\Windows\System32\SHCORE.dll
0x00007ffb9cdc0000 - 0x00007ffb9ce1e000 	C:\Windows\System32\shlwapi.dll
0x00007ffb9af30000 - 0x00007ffb9af5b000 	C:\Windows\SYSTEM32\profapi.dll
0x00007ffb6f1e0000 - 0x00007ffb6f1f9000 	C:\Program Files\Java\jdk-17\bin\net.dll
0x00007ffb95ed0000 - 0x00007ffb96006000 	C:\Windows\SYSTEM32\WINHTTP.dll
0x00007ffb9a560000 - 0x00007ffb9a5c9000 	C:\Windows\system32\mswsock.dll
0x00007ffb68c30000 - 0x00007ffb68c45000 	C:\Program Files\Java\jdk-17\bin\nio.dll
0x00007ffb65c80000 - 0x00007ffb65c98000 	C:\Program Files\Java\jdk-17\bin\zip.dll
0x00007ffb86fa0000 - 0x00007ffb86fb0000 	C:\Program Files\Java\jdk-17\bin\verify.dll
0x00007ffb61ff0000 - 0x00007ffb62017000 	C:\Users\HCC\.gradle\native\c067742578af261105cb4f569cf0c3c89f3d7b1fecec35dd04571415982c5e48\windows-amd64\native-platform.dll
0x00007ffb71510000 - 0x00007ffb71519000 	C:\Program Files\Java\jdk-17\bin\management.dll
0x00007ffb71330000 - 0x00007ffb7133b000 	C:\Program Files\Java\jdk-17\bin\management_ext.dll

dbghelp: loaded successfully - version: 4.0.5 - missing functions: none
symbol engine: initialized successfully - sym options: 0x614 - pdb path: .;C:\Program Files\Java\jdk-17\bin;C:\Windows\SYSTEM32;C:\Windows\WinSxS\amd64_microsoft.windows.common-controls_6595b64144ccf1df_6.0.22621.4541_none_2710d1c57384c085;C:\Program Files\Java\jdk-17\bin\server;C:\Users\HCC\.gradle\native\c067742578af261105cb4f569cf0c3c89f3d7b1fecec35dd04571415982c5e48\windows-amd64

VM Arguments:
jvm_args: -Xmx64m -Xms64m -Dorg.gradle.appname=gradlew 
java_command: org.gradle.wrapper.GradleWrapperMain app:installDebug -PreactNativeDevServerPort=8081
java_class_path (initial): D:\LoginMe\android\\gradle\wrapper\gradle-wrapper.jar
Launcher Type: SUN_STANDARD

[Global flags]
     intx CICompilerCount                          = 12                                        {product} {ergonomic}
     uint ConcGCThreads                            = 4                                         {product} {ergonomic}
     uint G1ConcRefinementThreads                  = 15                                        {product} {ergonomic}
   size_t G1HeapRegionSize                         = 1048576                                   {product} {ergonomic}
    uintx GCDrainStackTargetSize                   = 64                                        {product} {ergonomic}
   size_t InitialHeapSize                          = 67108864                                  {product} {command line}
   size_t MarkStackSize                            = 4194304                                   {product} {ergonomic}
   size_t MaxHeapSize                              = 67108864                                  {product} {command line}
   size_t MaxNewSize                               = 39845888                                  {product} {ergonomic}
   size_t MinHeapDeltaBytes                        = 1048576                                   {product} {ergonomic}
   size_t MinHeapSize                              = 67108864                                  {product} {command line}
    uintx NonNMethodCodeHeapSize                   = 7602480                                {pd product} {ergonomic}
    uintx NonProfiledCodeHeapSize                  = 122027880                              {pd product} {ergonomic}
    uintx ProfiledCodeHeapSize                     = 122027880                              {pd product} {ergonomic}
    uintx ReservedCodeCacheSize                    = 251658240                              {pd product} {ergonomic}
     bool SegmentedCodeCache                       = true                                      {product} {ergonomic}
   size_t SoftMaxHeapSize                          = 67108864                               {manageable} {ergonomic}
     bool UseCompressedClassPointers               = true                           {product lp64_product} {ergonomic}
     bool UseCompressedOops                        = true                           {product lp64_product} {ergonomic}
     bool UseG1GC                                  = true                                      {product} {ergonomic}
     bool UseLargePagesIndividualAllocation        = false                                  {pd product} {ergonomic}

Logging:
Log output configuration:
 #0: stdout all=warning uptime,level,tags
 #1: stderr all=off uptime,level,tags

Environment Variables:
CLASSPATH=D:\LoginMe\android\\gradle\wrapper\gradle-wrapper.jar
PATH=D:\LoginMe\node_modules\.bin;D:\LoginMe\node_modules\.bin;D:\node_modules\.bin;C:\Users\HCC\AppData\Roaming\npm\node_modules\npm\node_modules\@npmcli\run-script\lib\node-gyp-bin;D:\LoginMe\node_modules\.bin;D:\LoginMe\node_modules\.bin;D:\node_modules\.bin;C:\Users\HCC\AppData\Roaming\npm\node_modules\npm\node_modules\@npmcli\run-script\lib\node-gyp-bin;C:\Program Files\Common Files\Oracle\Java\javapath;C:\Windows\system32;C:\Windows;C:\Windows\System32\Wbem;C:\Windows\System32\WindowsPowerShell\v1.0\;C:\Windows\System32\OpenSSH\;C:\Program Files\nodejs\;C:\Program Files (x86)\Acuant\SDK;C:\Program Files\Datacard\TruCredential\..\jre\bin;C:\Program Files (x86)\Datacard\TruCredential\AIS\Chip Interface\bin\;C:\Program Files (x86)\Datacard\TruCredential\AIS\Chip Interface\bin\application;C:\Program Files\dotnet\;C:\Users\HCC\AppData\Local\Android\Sdk\platform-tools;C:\Users\HCC\AppData\Local\Android\Sdk\tools;C:\Users\HCC\AppData\Local\Android\Sdk\platform-tools;C:\Users\HCC\AppData\Local\Android\Sdk\tools;C:\Users\HCC\AppData\Local\Android\Sdk\platform-tools;C:\Users\HCC\AppData\Local\Android\Sdk\tools;C:\Users\HCC\AppData\Local\Android\Sdk\platform-tools;C:\Users\HCC\AppData\Local\Android\Sdk\tools;C:\Users\HCC\AppData\Local\Android\Sdk\platform-tools;C:\Users\HCC\AppData\Local\Android\Sdk\tools;C:\Users\HCC\AppData\Local\Microsoft\WindowsApps;C:\Users\HCC\AppData\Roaming\npm;C:\Users\HCC\AppData\Local\Programs\Microsoft VS Code\bin;
USERNAME=HCC
LANG=en_US.UTF-8
OS=Windows_NT
PROCESSOR_IDENTIFIER=Intel64 Family 6 Model 151 Stepping 2, GenuineIntel



---------------  S Y S T E M  ---------------

OS:
 Windows 10 , 64 bit Build 22621 (10.0.22621.4391)
OS uptime: 0 days 3:53 hours
Hyper-V role detected

CPU: total 20 (initial active 20) (10 cores per cpu, 2 threads per core) family 6 model 151 stepping 2 microcode 0x34, cx8, cmov, fxsr, ht, mmx, 3dnowpref, sse, sse2, sse3, ssse3, sse4.1, sse4.2, popcnt, lzcnt, tsc, tscinvbit, avx, avx2, aes, erms, clmul, bmi1, bmi2, adx, sha, fma, vzeroupper, clflush, clflushopt, clwb, hv

Memory: 4k page, system-wide physical 16125M (6M free)
TotalPageFile size 31161M (AvailPageFile size 61M)
current process WorkingSet (physical memory assigned to process): 83M, peak: 84M
current process commit charge ("private bytes"): 177M, peak: 178M

vm_info: Java HotSpot(TM) 64-Bit Server VM (17+35-LTS-2724) for windows-amd64 JRE (17+35-LTS-2724), built on Aug  5 2021 23:28:28 by "mach5one" with MS VC++ 16.8 (VS2019)

END.
